<?xml version="1.0" encoding="UTF-8"?>
<!-- Generated by org.testng.reporters.JUnitReportReporter -->
<testsuite hostname="DESKTOP-QF44ST5" failures="0" tests="1" name="accounts.CreateAccountbutton" time="10.600" errors="0" timestamp="2022-05-27T21:54:15 IST" skipped="0">
  <testcase classname="accounts.CreateAccountbutton" name="verifyNewAccount" time="10.600"/>
  <system-out>
    <![CDATA[CRM HOME PAGE is Displayed
Myaccount is Displayed, PASS
Customer is Displayed, PASS
123456 is Displayed, PASS
Customer is Displayed, PASS]]>
  </system-out>
</testsuite> <!-- accounts.CreateAccountbutton -->
