<?xml version="1.0" encoding="UTF-8"?>
<!-- Generated by org.testng.reporters.JUnitReportReporter -->
<testsuite hostname="DESKTOP-QF44ST5" failures="0" tests="1" name="Login.ValidLogin" time="2.599" errors="0" timestamp="2022-05-27T21:54:15 IST" skipped="0">
  <testcase classname="Login.ValidLogin" name="signIn" time="2.599"/>
  <system-out>
    <![CDATA[CRM HOME PAGE is Displayed]]>
  </system-out>
</testsuite> <!-- Login.ValidLogin -->
